#
# There is insufficient memory for the Java Runtime Environment to continue.
# Native memory allocation (mmap) failed to map 4194304 bytes. Error detail: G1 virtual space
# Possible reasons:
#   The system is out of physical RAM or swap space
#   This process is running with CompressedOops enabled, and the Java Heap may be blocking the growth of the native heap
# Possible solutions:
#   Reduce memory load on the system
#   Increase physical memory or swap space
#   Check if swap backing store is full
#   Decrease Java heap size (-Xmx/-Xms)
#   Decrease number of Java threads
#   Decrease Java thread stack sizes (-Xss)
#   Set larger code cache with -XX:ReservedCodeCacheSize=
#   JVM is running with Zero Based Compressed Oops mode in which the Java heap is
#     placed in the first 32GB address space. The Java Heap base address is the
#     maximum limit for the native heap growth. Please use -XX:HeapBaseMinAddress
#     to set the Java Heap base and to place the Java Heap above 32GB virtual address.
# This output file may be truncated or incomplete.
#
#  Out of Memory Error (os_windows.cpp:3825), pid=10252, tid=11080
#
# JRE version:  (17.0.11+1) (build )
# Java VM: OpenJDK 64-Bit Server VM (17.0.11+1-b1207.30, mixed mode, sharing, tiered, compressed oops, compressed class ptrs, g1 gc, windows-amd64)
# No core dump will be written. Minidumps are not enabled by default on client versions of Windows
#

---------------  S U M M A R Y ------------

Command Line: git4idea.http.GitAskPassApp Username for 'https://github.com': 

Host: Intel(R) Core(TM) i3-10100F CPU @ 3.60GHz, 8 cores, 15G,  Windows 11 , 64 bit Build 22621 (10.0.22621.2506)
Time: Thu Oct 10 19:06:26 2024  Windows 11 , 64 bit Build 22621 (10.0.22621.2506) elapsed time: 0.005194 seconds (0d 0h 0m 0s)

---------------  T H R E A D  ---------------

Current thread (0x0000022e1f7d0660):  JavaThread "Unknown thread" [_thread_in_vm, id=11080, stack(0x000000969d500000,0x000000969d600000)]

Stack: [0x000000969d500000,0x000000969d600000]
Native frames: (J=compiled Java code, j=interpreted, Vv=VM code, C=native code)
V  [jvm.dll+0x6877f9]
V  [jvm.dll+0x8411aa]
V  [jvm.dll+0x842e2e]
V  [jvm.dll+0x843493]
V  [jvm.dll+0x249fdf]
V  [jvm.dll+0x6845c9]
V  [jvm.dll+0x678e7a]
V  [jvm.dll+0x30ab4b]
V  [jvm.dll+0x311ff6]
V  [jvm.dll+0x361a88]
V  [jvm.dll+0x361c8f]
V  [jvm.dll+0x2e0978]
V  [jvm.dll+0x2e18e4]
V  [jvm.dll+0x811c71]
V  [jvm.dll+0x36f7c8]
V  [jvm.dll+0x7f05f6]
V  [jvm.dll+0x3f398f]
V  [jvm.dll+0x3f5541]
C  [jli.dll+0x528f]
C  [ucrtbase.dll+0x29363]
C  [KERNEL32.DLL+0x1257d]
C  [ntdll.dll+0x5aa58]


---------------  P R O C E S S  ---------------

Threads class SMR info:
_java_thread_list=0x00007ffb8a33efd8, length=0, elements={
}

Java Threads: ( => current thread )

Other Threads:
  0x0000022e1f83a070 GCTaskThread "GC Thread#0" [stack: 0x000000969d600000,0x000000969d700000] [id=3820]
  0x0000022e1f84ae50 ConcurrentGCThread "G1 Main Marker" [stack: 0x000000969d700000,0x000000969d800000] [id=7040]
  0x0000022e1f84c010 ConcurrentGCThread "G1 Conc#0" [stack: 0x000000969d800000,0x000000969d900000] [id=1320]

[error occurred during error reporting (printing all threads), id 0xc0000005, EXCEPTION_ACCESS_VIOLATION (0xc0000005) at pc=0x00007ffb89af1547]

VM state: not at safepoint (not fully initialized)

VM Mutex/Monitor currently owned by a thread:  ([mutex/lock_event])
[0x0000022e1f7cb7b0] Heap_lock - owner thread: 0x0000022e1f7d0660

Heap address: 0x0000000701600000, size: 4074 MB, Compressed Oops mode: Zero based, Oop shift amount: 3

CDS archive(s) mapped at: [0x0000000000000000-0x0000000000000000-0x0000000000000000), size 0, SharedBaseAddress: 0x0000000800000000, ArchiveRelocationMode: 1.
Narrow klass base: 0x0000000000000000, Narrow klass shift: 0, Narrow klass range: 0x0

GC Precious Log:
<Empty>

Heap:
 garbage-first heap   total 0K, used 0K [0x0000000701600000, 0x0000000800000000)
  region size 2048K, 0 young (0K), 0 survivors (0K)
 Metaspace       used 0K, committed 0K, reserved 0K
  class space    used 0K, committed 0K, reserved 0K

Heap Regions: E=young(eden), S=young(survivor), O=old, HS=humongous(starts), HC=humongous(continues), CS=collection set, F=free, OA=open archive, CA=closed archive, TAMS=top-at-mark-start (previous, next)

Card table byte_map: [0x0000022e32a80000,0x0000022e33280000] _byte_map_base: 0x0000022e2f275000

Marking Bits (Prev, Next): (CMBitMap*) 0x0000022e1f83a690, (CMBitMap*) 0x0000022e1f83a6d0
 Prev Bits: [0x0000022e33a80000, 0x0000022e37a28000)
 Next Bits: [0x0000022e37a30000, 0x0000022e3b9d8000)

GC Heap History (0 events):
No events

Dll operation events (1 events):
Event: 0.003 Loaded shared library C:\Program Files\JetBrains\PhpStorm 2024.1.5\jbr\bin\java.dll

Deoptimization events (0 events):
No events

Classes unloaded (0 events):
No events

Classes redefined (0 events):
No events

Internal exceptions (0 events):
No events

VM Operations (0 events):
No events

Events (0 events):
No events


Dynamic libraries:
0x00007ff7a4d60000 - 0x00007ff7a4d6a000 	C:\Program Files\JetBrains\PhpStorm 2024.1.5\jbr\bin\java.exe
0x00007ffbb9370000 - 0x00007ffbb9587000 	C:\Windows\SYSTEM32\ntdll.dll
0x00007ffbb7780000 - 0x00007ffbb7844000 	C:\Windows\System32\KERNEL32.DLL
0x00007ffbb6d20000 - 0x00007ffbb70c6000 	C:\Windows\System32\KERNELBASE.dll
0x00007ffbb69c0000 - 0x00007ffbb6ad1000 	C:\Windows\System32\ucrtbase.dll
0x00007ffba6940000 - 0x00007ffba6957000 	C:\Program Files\JetBrains\PhpStorm 2024.1.5\jbr\bin\jli.dll
0x00007ffb82820000 - 0x00007ffb8283b000 	C:\Program Files\JetBrains\PhpStorm 2024.1.5\jbr\bin\VCRUNTIME140.dll
0x00007ffbb8410000 - 0x00007ffbb85be000 	C:\Windows\System32\USER32.dll
0x00007ffb9ffb0000 - 0x00007ffba0243000 	C:\Windows\WinSxS\amd64_microsoft.windows.common-controls_6595b64144ccf1df_6.0.22621.2506_none_270c5ae97388e100\COMCTL32.dll
0x00007ffbb70d0000 - 0x00007ffbb70f6000 	C:\Windows\System32\win32u.dll
0x00007ffbb82a0000 - 0x00007ffbb8347000 	C:\Windows\System32\msvcrt.dll
0x00007ffbb8e20000 - 0x00007ffbb8e49000 	C:\Windows\System32\GDI32.dll
0x00007ffbb6c00000 - 0x00007ffbb6d18000 	C:\Windows\System32\gdi32full.dll
0x00007ffbb6920000 - 0x00007ffbb69ba000 	C:\Windows\System32\msvcp_win.dll
0x00007ffbb8250000 - 0x00007ffbb8281000 	C:\Windows\System32\IMM32.DLL
0x00007ffb85bf0000 - 0x00007ffb85bfc000 	C:\Program Files\JetBrains\PhpStorm 2024.1.5\jbr\bin\vcruntime140_1.dll
0x00007ffb31c00000 - 0x00007ffb31c8d000 	C:\Program Files\JetBrains\PhpStorm 2024.1.5\jbr\bin\msvcp140.dll
0x00007ffb89800000 - 0x00007ffb8a483000 	C:\Program Files\JetBrains\PhpStorm 2024.1.5\jbr\bin\server\jvm.dll
0x00007ffbb8350000 - 0x00007ffbb8403000 	C:\Windows\System32\ADVAPI32.dll
0x00007ffbb7160000 - 0x00007ffbb7208000 	C:\Windows\System32\sechost.dll
0x00007ffbb6ae0000 - 0x00007ffbb6b08000 	C:\Windows\System32\bcrypt.dll
0x00007ffbb7850000 - 0x00007ffbb7967000 	C:\Windows\System32\RPCRT4.dll
0x00007ffbb3760000 - 0x00007ffbb3769000 	C:\Windows\SYSTEM32\WSOCK32.dll
0x00007ffbb65c0000 - 0x00007ffbb660d000 	C:\Windows\SYSTEM32\POWRPROF.dll
0x00007ffbb7690000 - 0x00007ffbb7701000 	C:\Windows\System32\WS2_32.dll
0x00007ffbac640000 - 0x00007ffbac674000 	C:\Windows\SYSTEM32\WINMM.dll
0x00007ffbb0f10000 - 0x00007ffbb0f1a000 	C:\Windows\SYSTEM32\VERSION.dll
0x00007ffbb65a0000 - 0x00007ffbb65b3000 	C:\Windows\SYSTEM32\UMPDC.dll
0x00007ffbb5720000 - 0x00007ffbb5738000 	C:\Windows\SYSTEM32\kernel.appcore.dll
0x00007ffbb0d50000 - 0x00007ffbb0d5a000 	C:\Program Files\JetBrains\PhpStorm 2024.1.5\jbr\bin\jimage.dll
0x00007ffbab7c0000 - 0x00007ffbab9f3000 	C:\Windows\SYSTEM32\DBGHELP.DLL
0x00007ffbb8e50000 - 0x00007ffbb91d9000 	C:\Windows\System32\combase.dll
0x00007ffbb7a70000 - 0x00007ffbb7b47000 	C:\Windows\System32\OLEAUT32.dll
0x00007ffb9dd50000 - 0x00007ffb9dd82000 	C:\Windows\SYSTEM32\dbgcore.DLL
0x00007ffbb6b10000 - 0x00007ffbb6b8a000 	C:\Windows\System32\bcryptPrimitives.dll
0x00007ffbb0d20000 - 0x00007ffbb0d45000 	C:\Program Files\JetBrains\PhpStorm 2024.1.5\jbr\bin\java.dll

dbghelp: loaded successfully - version: 4.0.5 - missing functions: none
symbol engine: initialized successfully - sym options: 0x614 - pdb path: .;C:\Program Files\JetBrains\PhpStorm 2024.1.5\jbr\bin;C:\Windows\SYSTEM32;C:\Windows\WinSxS\amd64_microsoft.windows.common-controls_6595b64144ccf1df_6.0.22621.2506_none_270c5ae97388e100;C:\Program Files\JetBrains\PhpStorm 2024.1.5\jbr\bin\server

VM Arguments:
java_command: git4idea.http.GitAskPassApp Username for 'https://github.com': 
java_class_path (initial): C:/Program Files/JetBrains/PhpStorm 2024.1.5/plugins/vcs-git/lib/git4idea-rt.jar;C:/Program Files/JetBrains/PhpStorm 2024.1.5/lib/externalProcess-rt.jar
Launcher Type: SUN_STANDARD

[Global flags]
     intx CICompilerCount                          = 4                                         {product} {ergonomic}
     uint ConcGCThreads                            = 2                                         {product} {ergonomic}
     uint G1ConcRefinementThreads                  = 8                                         {product} {ergonomic}
   size_t G1HeapRegionSize                         = 2097152                                   {product} {ergonomic}
    uintx GCDrainStackTargetSize                   = 64                                        {product} {ergonomic}
   size_t InitialHeapSize                          = 268435456                                 {product} {ergonomic}
   size_t MarkStackSize                            = 4194304                                   {product} {ergonomic}
   size_t MaxHeapSize                              = 4271898624                                {product} {ergonomic}
   size_t MinHeapDeltaBytes                        = 2097152                                   {product} {ergonomic}
   size_t MinHeapSize                              = 8388608                                   {product} {ergonomic}
    uintx NonNMethodCodeHeapSize                   = 5839372                                {pd product} {ergonomic}
    uintx NonProfiledCodeHeapSize                  = 122909434                              {pd product} {ergonomic}
    uintx ProfiledCodeHeapSize                     = 122909434                              {pd product} {ergonomic}
    uintx ReservedCodeCacheSize                    = 251658240                              {pd product} {ergonomic}
     bool SegmentedCodeCache                       = true                                      {product} {ergonomic}
   size_t SoftMaxHeapSize                          = 4271898624                             {manageable} {ergonomic}
     bool UseCompressedClassPointers               = true                           {product lp64_product} {ergonomic}
     bool UseCompressedOops                        = true                           {product lp64_product} {ergonomic}
     bool UseG1GC                                  = true                                      {product} {ergonomic}
     bool UseLargePagesIndividualAllocation        = false                                  {pd product} {ergonomic}

Logging:
Log output configuration:
 #0: stdout all=warning uptime,level,tags
 #1: stderr all=off uptime,level,tags

Environment Variables:
PATH=C:\Program Files\Git\mingw64\libexec\git-core;C:\Program Files\Git\mingw64\libexec\git-core;C:\Program Files\Git\mingw64\bin;C:\Program Files\Git\usr\bin;C:\Users\PC\bin;C:\Windows\system32;C:\Windows;C:\Windows\System32\Wbem;C:\Windows\System32\WindowsPowerShell\v1.0;C:\Program Files (x86)\NVIDIA Corporation\PhysX\Common;C:\ProgramData\ComposerSetup\bin;C:\Program Files\Git\cmd;C:\Program Files\Go\bin;C:\Program Files\nodejs;C:\Users\PC\AppData\Local\Programs\Python\Python312\Scripts;C:\Users\PC\AppData\Local\Programs\Python\Python312;C:\Users\PC\AppData\Local\Microsoft\WindowsApps;C:\Program Files\JetBrains\PhpStorm 2024.1.5\bin;C:\Program Files\JetBrains\PyCharm 2024.1.5\bin;C:\php 8.4;C:\Users\PC\AppData\Roaming\Composer\vendor\bin;C:\Users\PC\AppData\Local\spicetify;C:\Program Files\JetBrains\GoLand 2024.2\bin;C:\Users\PC\go\bin;C:\Users\PC\AppData\Roaming\npm
USERNAME=PC
DISPLAY=:0.0
LC_ALL=en_US.UTF-8
TERM=xterm-256color
TMPDIR=C:\Temp
OS=Windows_NT
PROCESSOR_IDENTIFIER=Intel64 Family 6 Model 165 Stepping 3, GenuineIntel
TMP=C:\Temp
TEMP=C:\Temp



Periodic native trim disabled

JNI global refs:
JNI global refs: 0, weak refs: 0

JNI global refs memory usage: 0, weak refs: 0

Process memory usage:
Resident Set Size: 12168K (0% of 16684584K total physical memory with 3387696K free physical memory)

OOME stack traces (most recent first):
Classloader memory used:


---------------  S Y S T E M  ---------------

OS:
 Windows 11 , 64 bit Build 22621 (10.0.22621.2506)
OS uptime: 1 days 7:59 hours

CPU: total 8 (initial active 8) (4 cores per cpu, 2 threads per core) family 6 model 165 stepping 3 microcode 0xe0, cx8, cmov, fxsr, ht, mmx, 3dnowpref, sse, sse2, sse3, ssse3, sse4.1, sse4.2, popcnt, lzcnt, tsc, tscinvbit, avx, avx2, aes, erms, clmul, bmi1, bmi2, adx, fma, vzeroupper, clflush, clflushopt
Processor Information for all 8 processors :
  Max Mhz: 3601, Current Mhz: 3601, Mhz Limit: 3601

Memory: 4k page, system-wide physical 16293M (3308M free)
TotalPageFile size 16293M (AvailPageFile size 7M)
current process WorkingSet (physical memory assigned to process): 11M, peak: 11M
current process commit charge ("private bytes"): 321M, peak: 324M

vm_info: OpenJDK 64-Bit Server VM (17.0.11+1-b1207.30) for windows-amd64 JRE (17.0.11+1-b1207.30), built on 2024-07-12 by "builduser" with MS VC++ 16.10 / 16.11 (VS2019)

END.
